<?xml version="1.0" encoding="utf-8"?><testsuites><testsuite name="pytest" errors="0" failures="0" skipped="0" tests="4" time="0.137" timestamp="2024-01-19T11:46:00.395855" hostname="Joses-MacBook-Pro.local"><testcase classname="tests.unit.test_area" name="test_calculate_area_square" time="0.002" /><testcase classname="tests.unit.test_area" name="test_calculate_area_square_negative" time="0.002" /><testcase classname="tests.unit.test_area" name="test_calculate_area_square_string" time="0.001" /><testcase classname="tests.unit.test_area" name="test_calculate_area_square_list" time="0.002" /></testsuite></testsuites>